pocs for app concept/screen usage final/app/build/intermediates/manifest_merge_blame_file/debug/manifest-merger-blame-debug-report.txt
1<?xml version="1.0" encoding="utf-8"?>
2<manifest xmlns:android="http://schemas.android.com/apk/res/android"
3    package="solutions.innopix.stopphone"
4    android:versionCode="1"
5    android:versionName="1.0" >
6
7    <uses-sdk
8        android:minSdkVersion="21"
8-->src/main/AndroidManifest.xml
9        android:targetSdkVersion="28" />
9-->src/main/AndroidManifest.xml
10
11    <uses-permission android:name="android.permission.PACKAGE_USAGE_STATS" />
11-->src/main/AndroidManifest.xml:8:5-10:47
11-->src/main/AndroidManifest.xml:9:9-62
12
13    <application
13-->src/main/AndroidManifest.xml:11:5-31:19
14        android:allowBackup="true"
14-->src/main/AndroidManifest.xml:12:9-35
15        android:appComponentFactory="android.support.v4.app.CoreComponentFactory"
15-->[com.android.support:support-compat:28.0.0] AndroidManifest.xml:22:18-91
16        android:debuggable="true"
17        android:icon="@drawable/ic_launcher"
17-->src/main/AndroidManifest.xml:13:9-45
18        android:label="@string/app_name"
18-->src/main/AndroidManifest.xml:14:9-41
19        android:testOnly="true"
20        android:theme="@style/Theme.AppCompat.Light" >
20-->src/main/AndroidManifest.xml:15:9-53
21        <activity
21-->src/main/AndroidManifest.xml:16:9-20:63
22            android:name="solutions.innopix.stopphone.WarningActivity"
22-->src/main/AndroidManifest.xml:17:13-71
23            android:configChanges="orientation|keyboardHidden|screenSize"
23-->src/main/AndroidManifest.xml:18:13-74
24            android:label="@string/title_activity_warning"
24-->src/main/AndroidManifest.xml:19:13-59
25            android:theme="@style/FullscreenTheme" />
25-->src/main/AndroidManifest.xml:20:13-51
26        <activity
26-->src/main/AndroidManifest.xml:21:9-28:20
27            android:name="solutions.innopix.stopphone.AppUsageStatisticsActivity"
27-->src/main/AndroidManifest.xml:22:13-82
28            android:label="@string/app_name" >
28-->src/main/AndroidManifest.xml:23:13-45
29            <intent-filter>
29-->src/main/AndroidManifest.xml:24:13-27:29
30                <action android:name="android.intent.action.MAIN" />
30-->src/main/AndroidManifest.xml:25:17-69
30-->src/main/AndroidManifest.xml:25:25-66
31
32                <category android:name="android.intent.category.LAUNCHER" />
32-->src/main/AndroidManifest.xml:26:17-77
32-->src/main/AndroidManifest.xml:26:27-74
33            </intent-filter>
34        </activity>
35
36        <receiver android:name="solutions.innopix.stopphone.AlarmReceiver" />
36-->src/main/AndroidManifest.xml:30:9-78
36-->src/main/AndroidManifest.xml:30:19-75
37    </application>
38
39</manifest>